{"email":"","level":"info","message":"TOKEN_VERIFY","service":"user-service"}
{"level":"info","message":"INVITE_USER","service":"user-service"}
{"db":null,"level":"info","message":"INVITE_USER","service":"user-service"}
{"0":"Email Sent","1":"success","level":"info","message":"INVITE_USER","service":"user-service"}
{"level":"info","message":"Database Connected","service":"user-service"}
{"level":"info","message":"Database Connected","service":"user-service"}
{"level":"info","message":"Database Connected","service":"user-service"}
{"level":"info","message":"Database Connected","service":"user-service"}
{"level":"info","message":"Database Connected","service":"user-service"}
{"level":"info","message":"Database Connected","service":"user-service"}
{"level":"info","message":"Database Connected","service":"user-service"}
{"level":"info","message":"Database Connected","service":"user-service"}
{"level":"info","message":"Database Connected","service":"user-service"}
{"level":"info","message":"Database Connected","service":"user-service"}
{"level":"info","message":"Database Connected","service":"user-service"}
{"level":"info","message":"Database Connected","service":"user-service"}
{"level":"info","message":"Database Connected","service":"user-service"}
{"email":"","level":"info","message":"TOKEN_VERIFY","service":"user-service"}
{"level":"info","message":"INVITE_USER","service":"user-service"}
{"db":null,"level":"info","message":"INVITE_USER","service":"user-service"}
{"level":"info","message":"INVITE_USER","service":"user-service"}
{"0":"Email Sent","1":{"acknowledged":true,"insertedId":"6645fe96a6fe4e0e4d21a094"},"level":"info","message":"INVITE_USER","service":"user-service"}
{"email":"","level":"info","message":"TOKEN_VERIFY","service":"user-service"}
{"level":"info","message":"INVITE_USER","service":"user-service"}
{"db":{"_id":"6645fe96a6fe4e0e4d21a094","iStatus":0},"level":"info","message":"INVITE_USER","service":"user-service"}
{"level":"info","message":"Database Connected","service":"user-service"}
{"level":"info","message":"Database Connected","service":"user-service"}
{"level":"info","message":"Database Connected","service":"user-service"}
{"email":"","level":"info","message":"TOKEN_VERIFY","service":"user-service"}
{"level":"info","message":"INVITE_USER","service":"user-service"}
{"db":{"_id":"6645fe96a6fe4e0e4d21a094","iStatus":0},"level":"info","message":"INVITE_USER","service":"user-service"}
{"level":"info","message":"INVITE_USER","service":"user-service"}
{"0":"Email Sent","1":{"acknowledged":true,"insertedId":"6646004aa12db1c53b22bf61"},"level":"info","message":"INVITE_USER","service":"user-service"}
{"email":"","level":"info","message":"TOKEN_VERIFY","service":"user-service"}
{"level":"info","message":"INVITE_USER","service":"user-service"}
{"db":{"_id":"6645fe96a6fe4e0e4d21a094","iStatus":0},"level":"info","message":"INVITE_USER","service":"user-service"}
{"level":"info","message":"INVITE_USER","service":"user-service"}
{"0":"Email Sent","1":{"acknowledged":true,"insertedId":"6646028ca12db1c53b22bf62"},"level":"info","message":"INVITE_USER","service":"user-service"}
{"email":"","level":"info","message":"TOKEN_VERIFY","service":"user-service"}
{"level":"info","message":"INVITE_USER","service":"user-service"}
{"db":{"_id":"6645fe96a6fe4e0e4d21a094","iStatus":0},"level":"info","message":"INVITE_USER","service":"user-service"}
{"level":"info","message":"INVITE_USER","service":"user-service"}
{"code":11000,"errorResponse":{"code":11000,"errmsg":"E11000 duplicate key error collection: lhforce.pusers index: email_1 dup key: { email: \"sajal.jain@labourhomeindia.com\" }","index":0,"keyPattern":{"email":1},"keyValue":{"email":"sajal.jain@labourhomeindia.com"}},"index":0,"keyPattern":{"email":1},"keyValue":{"email":"sajal.jain@labourhomeindia.com"},"level":"error","message":"INVITE_USER E11000 duplicate key error collection: lhforce.pusers index: email_1 dup key: { email: \"sajal.jain@labourhomeindia.com\" }","service":"user-service","stack":"MongoServerError: E11000 duplicate key error collection: lhforce.pusers index: email_1 dup key: { email: \"sajal.jain@labourhomeindia.com\" }\n    at InsertOneOperation.execute (D:\\lhforceUserAuth\\node_modules\\mongodb\\lib\\operations\\insert.js:51:19)\n    at process.processTicksAndRejections (node:internal/process/task_queues:95:5)\n    at async executeOperation (D:\\lhforceUserAuth\\node_modules\\mongodb\\lib\\operations\\execute_operation.js:136:16)\n    at async Collection.insertOne (D:\\lhforceUserAuth\\node_modules\\mongodb\\lib\\collection.js:155:16)\n    at async Promise.all (index 1)\n    at async inviteUser (D:\\lhforceUserAuth\\dist\\controllers\\user.js:73:26)"}
{"level":"info","message":"Database Connected","service":"user-service"}
{"level":"info","message":"Database Connected","service":"user-service"}
{"level":"info","message":"Database Connected","service":"user-service"}
{"email":"","level":"info","message":"TOKEN_VERIFY","service":"user-service"}
{"level":"info","message":"INVITE_USER","service":"user-service"}
{"db":{"_id":"6645fe96a6fe4e0e4d21a094","iStatus":0},"level":"info","message":"INVITE_USER","service":"user-service"}
{"email":"","level":"info","message":"TOKEN_VERIFY","service":"user-service"}
{"level":"info","message":"INVITE_USER","service":"user-service"}
{"db":{"_id":"6645fe96a6fe4e0e4d21a094","iStatus":0},"level":"info","message":"INVITE_USER","service":"user-service"}
{"level":"info","message":"Database Connected","service":"user-service"}
{"email":"","level":"info","message":"TOKEN_VERIFY","service":"user-service"}
{"level":"info","message":"INVITE_USER","service":"user-service"}
{"db":{"_id":"6645fe96a6fe4e0e4d21a094","iStatus":0},"level":"info","message":"INVITE_USER","service":"user-service"}
{"level":"info","message":"Database Connected","service":"user-service"}
{"level":"info","message":"Database Connected","service":"user-service"}
{"email":"","level":"info","message":"TOKEN_VERIFY","service":"user-service"}
{"level":"info","message":"INVITE_USER","service":"user-service"}
{"db":{"_id":"6645fe96a6fe4e0e4d21a094","iStatus":0},"level":"info","message":"INVITE_USER","service":"user-service"}
{"level":"info","message":"Database Connected","service":"user-service"}
{"email":"","level":"info","message":"TOKEN_VERIFY","service":"user-service"}
{"level":"info","message":"INVITE_USER","service":"user-service"}
{"db":{"_id":"6645fe96a6fe4e0e4d21a094","iStatus":0},"level":"info","message":"INVITE_USER","service":"user-service"}
{"level":"info","message":"INVITE_USER","service":"user-service"}
{"code":11000,"errorResponse":{"code":11000,"errmsg":"E11000 duplicate key error collection: lhforce.pusers index: email_1 dup key: { email: \"sajal.jain@labourhomeindia.com\" }","index":0,"keyPattern":{"email":1},"keyValue":{"email":"sajal.jain@labourhomeindia.com"}},"index":0,"keyPattern":{"email":1},"keyValue":{"email":"sajal.jain@labourhomeindia.com"},"level":"error","message":"INVITE_USER E11000 duplicate key error collection: lhforce.pusers index: email_1 dup key: { email: \"sajal.jain@labourhomeindia.com\" }","service":"user-service","stack":"MongoServerError: E11000 duplicate key error collection: lhforce.pusers index: email_1 dup key: { email: \"sajal.jain@labourhomeindia.com\" }\n    at InsertOneOperation.execute (D:\\lhforceUserAuth\\node_modules\\mongodb\\lib\\operations\\insert.js:51:19)\n    at process.processTicksAndRejections (node:internal/process/task_queues:95:5)\n    at async executeOperation (D:\\lhforceUserAuth\\node_modules\\mongodb\\lib\\operations\\execute_operation.js:136:16)\n    at async Collection.insertOne (D:\\lhforceUserAuth\\node_modules\\mongodb\\lib\\collection.js:155:16)\n    at async Promise.all (index 1)\n    at async inviteUser (D:\\lhforceUserAuth\\dist\\controllers\\user.js:74:30)"}
{"email":"","level":"info","message":"TOKEN_VERIFY","service":"user-service"}
{"level":"info","message":"INVITE_USER","service":"user-service"}
{"db":{"_id":"6645fe96a6fe4e0e4d21a094","iStatus":0},"level":"info","message":"INVITE_USER","service":"user-service"}
{"level":"info","message":"INVITE_USER","service":"user-service"}
{"code":11000,"errorResponse":{"code":11000,"errmsg":"E11000 duplicate key error collection: lhforce.pusers index: email_1 dup key: { email: \"sajal.jain@labourhomeindia.com\" }","index":0,"keyPattern":{"email":1},"keyValue":{"email":"sajal.jain@labourhomeindia.com"}},"index":0,"keyPattern":{"email":1},"keyValue":{"email":"sajal.jain@labourhomeindia.com"},"level":"error","message":"INVITE_USER E11000 duplicate key error collection: lhforce.pusers index: email_1 dup key: { email: \"sajal.jain@labourhomeindia.com\" }","service":"user-service","stack":"MongoServerError: E11000 duplicate key error collection: lhforce.pusers index: email_1 dup key: { email: \"sajal.jain@labourhomeindia.com\" }\n    at InsertOneOperation.execute (D:\\lhforceUserAuth\\node_modules\\mongodb\\lib\\operations\\insert.js:51:19)\n    at process.processTicksAndRejections (node:internal/process/task_queues:95:5)\n    at async executeOperation (D:\\lhforceUserAuth\\node_modules\\mongodb\\lib\\operations\\execute_operation.js:136:16)\n    at async Collection.insertOne (D:\\lhforceUserAuth\\node_modules\\mongodb\\lib\\collection.js:155:16)\n    at async Promise.all (index 1)\n    at async inviteUser (D:\\lhforceUserAuth\\dist\\controllers\\user.js:74:30)"}
{"email":"","level":"info","message":"TOKEN_VERIFY","service":"user-service"}
{"level":"info","message":"INVITE_USER","service":"user-service"}
{"db":{"_id":"6645fe96a6fe4e0e4d21a094","iStatus":0},"level":"info","message":"INVITE_USER","service":"user-service"}
{"level":"info","message":"INVITE_USER","service":"user-service"}
{"code":11000,"errorResponse":{"code":11000,"errmsg":"E11000 duplicate key error collection: lhforce.pusers index: email_1 dup key: { email: \"sajal.jain@labourhomeindia.com\" }","index":0,"keyPattern":{"email":1},"keyValue":{"email":"sajal.jain@labourhomeindia.com"}},"index":0,"keyPattern":{"email":1},"keyValue":{"email":"sajal.jain@labourhomeindia.com"},"level":"error","message":"INVITE_USER E11000 duplicate key error collection: lhforce.pusers index: email_1 dup key: { email: \"sajal.jain@labourhomeindia.com\" }","service":"user-service","stack":"MongoServerError: E11000 duplicate key error collection: lhforce.pusers index: email_1 dup key: { email: \"sajal.jain@labourhomeindia.com\" }\n    at InsertOneOperation.execute (D:\\lhforceUserAuth\\node_modules\\mongodb\\lib\\operations\\insert.js:51:19)\n    at process.processTicksAndRejections (node:internal/process/task_queues:95:5)\n    at async executeOperation (D:\\lhforceUserAuth\\node_modules\\mongodb\\lib\\operations\\execute_operation.js:136:16)\n    at async Collection.insertOne (D:\\lhforceUserAuth\\node_modules\\mongodb\\lib\\collection.js:155:16)\n    at async Promise.all (index 1)\n    at async inviteUser (D:\\lhforceUserAuth\\dist\\controllers\\user.js:74:30)"}
{"email":"","level":"info","message":"TOKEN_VERIFY","service":"user-service"}
{"level":"info","message":"INVITE_USER","service":"user-service"}
{"db":{"_id":"6645fe96a6fe4e0e4d21a094","iStatus":0},"level":"info","message":"INVITE_USER","service":"user-service"}
{"level":"info","message":"INVITE_USER","service":"user-service"}
{"code":11000,"errorResponse":{"code":11000,"errmsg":"E11000 duplicate key error collection: lhforce.pusers index: email_1 dup key: { email: \"sajal.jain@labourhomeindia.com\" }","index":0,"keyPattern":{"email":1},"keyValue":{"email":"sajal.jain@labourhomeindia.com"}},"index":0,"keyPattern":{"email":1},"keyValue":{"email":"sajal.jain@labourhomeindia.com"},"level":"error","message":"INVITE_USER E11000 duplicate key error collection: lhforce.pusers index: email_1 dup key: { email: \"sajal.jain@labourhomeindia.com\" }","service":"user-service","stack":"MongoServerError: E11000 duplicate key error collection: lhforce.pusers index: email_1 dup key: { email: \"sajal.jain@labourhomeindia.com\" }\n    at InsertOneOperation.execute (D:\\lhforceUserAuth\\node_modules\\mongodb\\lib\\operations\\insert.js:51:19)\n    at process.processTicksAndRejections (node:internal/process/task_queues:95:5)\n    at async executeOperation (D:\\lhforceUserAuth\\node_modules\\mongodb\\lib\\operations\\execute_operation.js:136:16)\n    at async Collection.insertOne (D:\\lhforceUserAuth\\node_modules\\mongodb\\lib\\collection.js:155:16)\n    at async Promise.all (index 1)\n    at async inviteUser (D:\\lhforceUserAuth\\dist\\controllers\\user.js:74:30)"}
{"email":"","level":"info","message":"TOKEN_VERIFY","service":"user-service"}
{"level":"info","message":"INVITE_USER","service":"user-service"}
{"db":{"_id":"6645fe96a6fe4e0e4d21a094","iStatus":1},"level":"info","message":"INVITE_USER","service":"user-service"}
{"level":"info","message":"Database Connected","service":"user-service"}
{"level":"info","message":"Database Connected","service":"user-service"}
{"level":"info","message":"Database Connected","service":"user-service"}
{"level":"info","message":"Database Connected","service":"user-service"}
{"level":"info","message":"Database Connected","service":"user-service"}
{"level":"info","message":"Database Connected","service":"user-service"}
{"level":"info","message":"Database Connected","service":"user-service"}
{"level":"info","message":"Database Connected","service":"user-service"}
{"level":"info","message":"Database Connected","service":"user-service"}
{"level":"info","message":"Database Connected","service":"user-service"}
{"level":"info","message":"Database Connected","service":"user-service"}
{"level":"info","message":"Database Connected","service":"user-service"}
{"level":"info","message":"Database Connected","service":"user-service"}
{"level":"info","message":"Database Connected","service":"user-service"}
{"level":"info","message":"TOKEN_SIGN_FOR_INVITED_USESR","service":"user-service"}
{"level":"info","message":"Database Connected","service":"user-service"}
{"level":"info","message":"Database Connected","service":"user-service"}
{"level":"info","message":"Database Connected","service":"user-service"}
{"level":"info","message":"TOKEN_SIGN_FOR_INVITED_USESR","service":"user-service"}
{"level":"info","message":"Database Connected","service":"user-service"}
{"level":"info","message":"TOKEN_SIGN_FOR_INVITED_USESR","service":"user-service"}
{"level":"info","message":"Database Connected","service":"user-service"}
{"level":"info","message":"Database Connected","service":"user-service"}
{"level":"info","message":"Database Connected","service":"user-service"}
{"level":"info","message":"Database Connected","service":"user-service"}
{"level":"info","message":"TOKEN_SIGN_FOR_INVITED_USESR","service":"user-service"}
{"email":"","level":"info","message":"TOKEN_VERIFY","service":"user-service"}
{"level":"info","message":"INVITE_USER","service":"user-service"}
{"db":{"_id":"6645fe96a6fe4e0e4d21a094","iStatus":1},"level":"info","message":"INVITE_USER","service":"user-service"}
{"level":"info","message":"Database Connected","service":"user-service"}
{"level":"info","message":"Database Connected","service":"user-service"}
{"level":"info","message":"Database Connected","service":"user-service"}
{"level":"info","message":"Database Connected","service":"user-service"}
{"level":"info","message":"Database Connected","service":"user-service"}
{"level":"info","message":"TOKEN_SIGN_FOR_INVITED_USESR","service":"user-service"}
{"level":"info","message":"Database Connected","service":"user-service"}
{"level":"info","message":"Database Connected","service":"user-service"}
{"level":"info","message":"Database Connected","service":"user-service"}
{"level":"info","message":"Database Connected","service":"user-service"}
{"level":"info","message":"Database Connected","service":"user-service"}
{"level":"info","message":"Database Connected","service":"user-service"}
{"expiredAt":"2024-05-17T07:38:31.000Z","level":"error","message":"TOKEN_VERIFY jwt expired","name":"TokenExpiredError","service":"user-service","stack":"TokenExpiredError: jwt expired\n    at D:\\lhforceUserAuth\\node_modules\\jsonwebtoken\\verify.js:190:21\n    at getSecret (D:\\lhforceUserAuth\\node_modules\\jsonwebtoken\\verify.js:97:14)\n    at module.exports [as verify] (D:\\lhforceUserAuth\\node_modules\\jsonwebtoken\\verify.js:101:10)\n    at verifyToken (D:\\lhforceUserAuth\\dist\\middlewares\\tokenService.js:20:46)\n    at Layer.handle [as handle_request] (D:\\lhforceUserAuth\\node_modules\\express\\lib\\router\\layer.js:95:5)\n    at next (D:\\lhforceUserAuth\\node_modules\\express\\lib\\router\\route.js:149:13)\n    at Route.dispatch (D:\\lhforceUserAuth\\node_modules\\express\\lib\\router\\route.js:119:3)\n    at Layer.handle [as handle_request] (D:\\lhforceUserAuth\\node_modules\\express\\lib\\router\\layer.js:95:5)\n    at D:\\lhforceUserAuth\\node_modules\\express\\lib\\router\\index.js:284:15\n    at Function.process_params (D:\\lhforceUserAuth\\node_modules\\express\\lib\\router\\index.js:346:12)"}
{"level":"info","message":"Database Connected","service":"user-service"}
{"expiredAt":"2024-05-17T07:38:31.000Z","level":"error","message":"TOKEN_VERIFY jwt expired","name":"TokenExpiredError","service":"user-service","stack":"TokenExpiredError: jwt expired\n    at D:\\lhforceUserAuth\\node_modules\\jsonwebtoken\\verify.js:190:21\n    at getSecret (D:\\lhforceUserAuth\\node_modules\\jsonwebtoken\\verify.js:97:14)\n    at module.exports [as verify] (D:\\lhforceUserAuth\\node_modules\\jsonwebtoken\\verify.js:101:10)\n    at verifyToken (D:\\lhforceUserAuth\\dist\\middlewares\\tokenService.js:20:46)\n    at Layer.handle [as handle_request] (D:\\lhforceUserAuth\\node_modules\\express\\lib\\router\\layer.js:95:5)\n    at next (D:\\lhforceUserAuth\\node_modules\\express\\lib\\router\\route.js:149:13)\n    at Route.dispatch (D:\\lhforceUserAuth\\node_modules\\express\\lib\\router\\route.js:119:3)\n    at Layer.handle [as handle_request] (D:\\lhforceUserAuth\\node_modules\\express\\lib\\router\\layer.js:95:5)\n    at D:\\lhforceUserAuth\\node_modules\\express\\lib\\router\\index.js:284:15\n    at Function.process_params (D:\\lhforceUserAuth\\node_modules\\express\\lib\\router\\index.js:346:12)"}
{"level":"info","message":"Database Connected","service":"user-service"}
{"expiredAt":"2024-05-17T07:38:31.000Z","level":"error","message":"TOKEN_VERIFY jwt expired","name":"TokenExpiredError","service":"user-service","stack":"TokenExpiredError: jwt expired\n    at D:\\lhforceUserAuth\\node_modules\\jsonwebtoken\\verify.js:190:21\n    at getSecret (D:\\lhforceUserAuth\\node_modules\\jsonwebtoken\\verify.js:97:14)\n    at module.exports [as verify] (D:\\lhforceUserAuth\\node_modules\\jsonwebtoken\\verify.js:101:10)\n    at verifyToken (D:\\lhforceUserAuth\\dist\\middlewares\\tokenService.js:20:46)\n    at Layer.handle [as handle_request] (D:\\lhforceUserAuth\\node_modules\\express\\lib\\router\\layer.js:95:5)\n    at next (D:\\lhforceUserAuth\\node_modules\\express\\lib\\router\\route.js:149:13)\n    at Route.dispatch (D:\\lhforceUserAuth\\node_modules\\express\\lib\\router\\route.js:119:3)\n    at Layer.handle [as handle_request] (D:\\lhforceUserAuth\\node_modules\\express\\lib\\router\\layer.js:95:5)\n    at D:\\lhforceUserAuth\\node_modules\\express\\lib\\router\\index.js:284:15\n    at Function.process_params (D:\\lhforceUserAuth\\node_modules\\express\\lib\\router\\index.js:346:12)"}
{"level":"info","message":"Database Connected","service":"user-service"}
{"expiredAt":"2024-05-17T07:38:31.000Z","level":"error","message":"TOKEN_VERIFY jwt expired","name":"TokenExpiredError","service":"user-service","stack":"TokenExpiredError: jwt expired\n    at D:\\lhforceUserAuth\\node_modules\\jsonwebtoken\\verify.js:190:21\n    at getSecret (D:\\lhforceUserAuth\\node_modules\\jsonwebtoken\\verify.js:97:14)\n    at module.exports [as verify] (D:\\lhforceUserAuth\\node_modules\\jsonwebtoken\\verify.js:101:10)\n    at verifyToken (D:\\lhforceUserAuth\\dist\\middlewares\\tokenService.js:20:46)\n    at Layer.handle [as handle_request] (D:\\lhforceUserAuth\\node_modules\\express\\lib\\router\\layer.js:95:5)\n    at next (D:\\lhforceUserAuth\\node_modules\\express\\lib\\router\\route.js:149:13)\n    at Route.dispatch (D:\\lhforceUserAuth\\node_modules\\express\\lib\\router\\route.js:119:3)\n    at Layer.handle [as handle_request] (D:\\lhforceUserAuth\\node_modules\\express\\lib\\router\\layer.js:95:5)\n    at D:\\lhforceUserAuth\\node_modules\\express\\lib\\router\\index.js:284:15\n    at Function.process_params (D:\\lhforceUserAuth\\node_modules\\express\\lib\\router\\index.js:346:12)"}
{"level":"info","message":"Database Connected","service":"user-service"}
{"level":"info","message":"Database Connected","service":"user-service"}
{"level":"info","message":"Database Connected","service":"user-service"}
{"expiredAt":"2024-05-17T07:38:31.000Z","level":"error","message":"TOKEN_VERIFY jwt expired","name":"TokenExpiredError","service":"user-service","stack":"TokenExpiredError: jwt expired\n    at D:\\lhforceUserAuth\\node_modules\\jsonwebtoken\\verify.js:190:21\n    at getSecret (D:\\lhforceUserAuth\\node_modules\\jsonwebtoken\\verify.js:97:14)\n    at module.exports [as verify] (D:\\lhforceUserAuth\\node_modules\\jsonwebtoken\\verify.js:101:10)\n    at verifyToken (D:\\lhforceUserAuth\\dist\\middlewares\\tokenService.js:19:46)\n    at Layer.handle [as handle_request] (D:\\lhforceUserAuth\\node_modules\\express\\lib\\router\\layer.js:95:5)\n    at next (D:\\lhforceUserAuth\\node_modules\\express\\lib\\router\\route.js:149:13)\n    at Route.dispatch (D:\\lhforceUserAuth\\node_modules\\express\\lib\\router\\route.js:119:3)\n    at Layer.handle [as handle_request] (D:\\lhforceUserAuth\\node_modules\\express\\lib\\router\\layer.js:95:5)\n    at D:\\lhforceUserAuth\\node_modules\\express\\lib\\router\\index.js:284:15\n    at Function.process_params (D:\\lhforceUserAuth\\node_modules\\express\\lib\\router\\index.js:346:12)"}
{"level":"info","message":"TOKEN_SIGN_FOR_INVITED_USESR","service":"user-service"}
{"email":"sajal.jain@labourhomeindia.com","level":"info","message":"TOKEN_VERIFY","service":"user-service"}
{"email":"sajal.jain@labourhomeindia.com","level":"info","message":"FETCH_ROLES_PERMISSIONS","service":"user-service"}
{"level":"info","message":"INVITE_USER","service":"user-service"}
{"db":{"_id":"6645fe96a6fe4e0e4d21a094","iStatus":1},"level":"info","message":"INVITE_USER","service":"user-service"}
{"level":"info","message":"Database Connected","service":"user-service"}
{"level":"info","message":"Database Connected","service":"user-service"}
{"level":"info","message":"Database Connected","service":"user-service"}
{"level":"info","message":"Database Connected","service":"user-service"}
{"level":"info","message":"Database Connected","service":"user-service"}
{"level":"info","message":"Database Connected","service":"user-service"}
{"level":"info","message":"Database Connected","service":"user-service"}
{"level":"info","message":"Database Connected","service":"user-service"}
{"expiredAt":"2024-05-17T08:25:51.000Z","level":"error","message":"TOKEN_VERIFY jwt expired","name":"TokenExpiredError","service":"user-service","stack":"TokenExpiredError: jwt expired\n    at D:\\lhforceUserAuth\\node_modules\\jsonwebtoken\\verify.js:190:21\n    at getSecret (D:\\lhforceUserAuth\\node_modules\\jsonwebtoken\\verify.js:97:14)\n    at module.exports [as verify] (D:\\lhforceUserAuth\\node_modules\\jsonwebtoken\\verify.js:101:10)\n    at verifyToken (D:\\lhforceUserAuth\\dist\\middlewares\\tokenService.js:19:46)\n    at Layer.handle [as handle_request] (D:\\lhforceUserAuth\\node_modules\\express\\lib\\router\\layer.js:95:5)\n    at next (D:\\lhforceUserAuth\\node_modules\\express\\lib\\router\\route.js:149:13)\n    at Route.dispatch (D:\\lhforceUserAuth\\node_modules\\express\\lib\\router\\route.js:119:3)\n    at Layer.handle [as handle_request] (D:\\lhforceUserAuth\\node_modules\\express\\lib\\router\\layer.js:95:5)\n    at D:\\lhforceUserAuth\\node_modules\\express\\lib\\router\\index.js:284:15\n    at Function.process_params (D:\\lhforceUserAuth\\node_modules\\express\\lib\\router\\index.js:346:12)"}
{"level":"info","message":"TOKEN_SIGN_FOR_INVITED_USESR","service":"user-service"}
{"level":"info","message":"Database Connected","service":"user-service"}
{"level":"info","message":"TOKEN_SIGN_FOR_INVITED_USESR","service":"user-service"}
{"email":"sajal.jain@labourhomeindia.com","level":"info","message":"TOKEN_VERIFY","service":"user-service"}
{"email":"sajal.jain@labourhomeindia.com","level":"info","message":"FETCH_ROLES_PERMISSIONS","service":"user-service"}
{"level":"info","message":"INVITE_USER","service":"user-service"}
{"db":{"_id":"6645fe96a6fe4e0e4d21a094","iStatus":1},"level":"info","message":"INVITE_USER","service":"user-service"}
{"email":"sajal.jain@labourhomeindia.com","level":"info","message":"TOKEN_VERIFY","service":"user-service"}
{"email":"sajal.jain@labourhomeindia.com","level":"info","message":"FETCH_ROLES_PERMISSIONS","service":"user-service"}
{"level":"info","message":"INVITE_USER","service":"user-service"}
{"db":{"_id":"6645fe96a6fe4e0e4d21a094","iStatus":0},"level":"info","message":"INVITE_USER","service":"user-service"}
{"level":"info","message":"TOKEN_SIGN_FOR_INVITED_USESR","service":"user-service"}
{"level":"info","message":"INVITE_USER","service":"user-service"}
{"code":11000,"errorResponse":{"code":11000,"errmsg":"E11000 duplicate key error collection: lhforce.pusers index: email_1 dup key: { email: \"sajal.jain@labourhomeindia.com\" }","index":0,"keyPattern":{"email":1},"keyValue":{"email":"sajal.jain@labourhomeindia.com"}},"index":0,"keyPattern":{"email":1},"keyValue":{"email":"sajal.jain@labourhomeindia.com"},"level":"error","message":"INVITE_USER E11000 duplicate key error collection: lhforce.pusers index: email_1 dup key: { email: \"sajal.jain@labourhomeindia.com\" }","service":"user-service","stack":"MongoServerError: E11000 duplicate key error collection: lhforce.pusers index: email_1 dup key: { email: \"sajal.jain@labourhomeindia.com\" }\n    at InsertOneOperation.execute (D:\\lhforceUserAuth\\node_modules\\mongodb\\lib\\operations\\insert.js:51:19)\n    at process.processTicksAndRejections (node:internal/process/task_queues:95:5)\n    at async executeOperation (D:\\lhforceUserAuth\\node_modules\\mongodb\\lib\\operations\\execute_operation.js:136:16)\n    at async Collection.insertOne (D:\\lhforceUserAuth\\node_modules\\mongodb\\lib\\collection.js:155:16)\n    at async Promise.all (index 1)\n    at async inviteUser (D:\\lhforceUserAuth\\dist\\controllers\\user.js:65:30)"}
{"level":"info","message":"Database Connected","service":"user-service"}
{"email":"sajal.jain@labourhomeindia.com","level":"info","message":"TOKEN_VERIFY","service":"user-service"}
{"email":"sajal.jain@labourhomeindia.com","level":"info","message":"FETCH_ROLES_PERMISSIONS","service":"user-service"}
{"level":"info","message":"INVITE_USER","service":"user-service"}
{"db":{"_id":"6645fe96a6fe4e0e4d21a094","iStatus":0},"level":"info","message":"INVITE_USER","service":"user-service"}
{"level":"info","message":"TOKEN_SIGN_FOR_INVITED_USESR","service":"user-service"}
{"level":"info","message":"INVITE_USER","service":"user-service"}
{"level":"info","message":"Database Connected","service":"user-service"}
{"level":"info","message":"Database Connected","service":"user-service"}
{"level":"info","message":"Database Connected","service":"user-service"}
{"email":"sajal.jain@labourhomeindia.com","level":"info","message":"TOKEN_VERIFY","service":"user-service"}
{"level":"info","message":"VERIFY_TOKEN","service":"user-service"}
{"level":"error","message":"TOKEN_VERIFY invalid token","name":"JsonWebTokenError","service":"user-service","stack":"JsonWebTokenError: invalid token\n    at module.exports [as verify] (D:\\lhforceUserAuth\\node_modules\\jsonwebtoken\\verify.js:82:17)\n    at verifyToken (D:\\lhforceUserAuth\\dist\\middlewares\\tokenService.js:19:46)\n    at Layer.handle [as handle_request] (D:\\lhforceUserAuth\\node_modules\\express\\lib\\router\\layer.js:95:5)\n    at next (D:\\lhforceUserAuth\\node_modules\\express\\lib\\router\\route.js:149:13)\n    at Route.dispatch (D:\\lhforceUserAuth\\node_modules\\express\\lib\\router\\route.js:119:3)\n    at Layer.handle [as handle_request] (D:\\lhforceUserAuth\\node_modules\\express\\lib\\router\\layer.js:95:5)\n    at D:\\lhforceUserAuth\\node_modules\\express\\lib\\router\\index.js:284:15\n    at Function.process_params (D:\\lhforceUserAuth\\node_modules\\express\\lib\\router\\index.js:346:12)\n    at next (D:\\lhforceUserAuth\\node_modules\\express\\lib\\router\\index.js:280:10)\n    at Function.handle (D:\\lhforceUserAuth\\node_modules\\express\\lib\\router\\index.js:175:3)"}
{"level":"info","message":"Database Connected","service":"user-service"}
{"level":"info","message":"Database Connected","service":"user-service"}
{"level":"info","message":"Database Connected","service":"user-service"}
{"level":"info","message":"Database Connected","service":"user-service"}
{"level":"info","message":"Database Connected","service":"user-service"}
{"level":"info","message":"Database Connected","service":"user-service"}
{"level":"info","message":"Database Connected","service":"user-service"}
{"level":"info","message":"Database Connected","service":"user-service"}
{"level":"info","message":"Database Connected","service":"user-service"}
{"level":"info","message":"Database Connected","service":"user-service"}
{"level":"info","message":"Database Connected","service":"user-service"}
{"level":"info","message":"Database Connected","service":"user-service"}
{"level":"info","message":"Database Connected","service":"user-service"}
{"expiredAt":"2024-05-17T09:20:57.000Z","level":"error","message":"TOKEN_VERIFY jwt expired","name":"TokenExpiredError","service":"user-service","stack":"TokenExpiredError: jwt expired\n    at D:\\lhforceUserAuth\\node_modules\\jsonwebtoken\\verify.js:190:21\n    at getSecret (D:\\lhforceUserAuth\\node_modules\\jsonwebtoken\\verify.js:97:14)\n    at module.exports [as verify] (D:\\lhforceUserAuth\\node_modules\\jsonwebtoken\\verify.js:101:10)\n    at verifyToken (D:\\lhforceUserAuth\\dist\\middlewares\\tokenService.js:19:46)\n    at Layer.handle [as handle_request] (D:\\lhforceUserAuth\\node_modules\\express\\lib\\router\\layer.js:95:5)\n    at next (D:\\lhforceUserAuth\\node_modules\\express\\lib\\router\\route.js:149:13)\n    at Route.dispatch (D:\\lhforceUserAuth\\node_modules\\express\\lib\\router\\route.js:119:3)\n    at Layer.handle [as handle_request] (D:\\lhforceUserAuth\\node_modules\\express\\lib\\router\\layer.js:95:5)\n    at D:\\lhforceUserAuth\\node_modules\\express\\lib\\router\\index.js:284:15\n    at Function.process_params (D:\\lhforceUserAuth\\node_modules\\express\\lib\\router\\index.js:346:12)"}
{"level":"info","message":"Database Connected","service":"user-service"}
{"level":"info","message":"Database Connected","service":"user-service"}
{"level":"info","message":"TOKEN_SIGN_FOR_INVITED_USESR","service":"user-service"}
{"level":"info","message":"Database Connected","service":"user-service"}
{"email":"sajal.jain@labourhomeindia.com","level":"info","message":"TOKEN_VERIFY","service":"user-service"}
{"level":"info","message":"NORMAL_SIGNUP","service":"user-service"}
{"email":"sajal.jain@labourhomeindia.com","level":"info","message":"TOKEN_VERIFY","service":"user-service"}
{"level":"info","message":"NORMAL_SIGNUP","service":"user-service"}
{"error":{"_original":{"confirmPassword":"Sajal@12","password":"Sajal@123"},"details":[{"context":{"key":"confirmPassword","label":"Confirm Password","valids":[{"adjust":null,"ancestor":1,"depth":1,"display":"ref:password","in":false,"iterables":null,"key":"password","map":null,"path":["password"],"root":"password","separator":".","type":"value"}],"value":"Sajal@12"},"message":"\"Confirm Password\" must match the password","path":["confirmPassword"],"type":"any.only"}]},"level":"error","message":"NORMAL_SIGNUP","service":"user-service","value":{"confirmPassword":"Sajal@12","password":"Sajal@123"}}
{"email":"sajal.jain@labourhomeindia.com","level":"info","message":"TOKEN_VERIFY","service":"user-service"}
{"level":"info","message":"NORMAL_SIGNUP","service":"user-service"}
{"error":{"_original":{"confirmPassword":"Sajal@123","password":"sajal@123"},"details":[{"context":{"key":"password","label":"password","regex":{},"value":"sajal@123"},"message":"\"password\" with value \"sajal@123\" fails to match the required pattern: /^(?=.*[a-z])(?=.*[A-Z])(?=.*\\d)(?=.*[@$!%*?&])[A-Za-z\\d@$!%*?&]+$/","path":["password"],"type":"string.pattern.base"}]},"level":"error","message":"NORMAL_SIGNUP","service":"user-service","value":{"confirmPassword":"Sajal@123","password":"sajal@123"}}
{"level":"info","message":"Database Connected","service":"user-service"}
{"level":"info","message":"Database Connected","service":"user-service"}
{"level":"info","message":"Database Connected","service":"user-service"}
{"level":"info","message":"Database Connected","service":"user-service"}
{"level":"info","message":"Database Connected","service":"user-service"}
{"level":"info","message":"Database Connected","service":"user-service"}
{"level":"info","message":"Database Connected","service":"user-service"}
{"level":"info","message":"Database Connected","service":"user-service"}
{"level":"info","message":"Database Connected","service":"user-service"}
{"level":"info","message":"Database Connected","service":"user-service"}
{"level":"info","message":"Database Connected","service":"user-service"}
{"email":"sajal.jain@labourhomeindia.com","level":"info","message":"TOKEN_VERIFY","service":"user-service"}
{"level":"info","message":"NORMAL_SIGNUP","service":"user-service"}
{"error":{"_original":{"confirmPassword":"Sajal@123","password":"sajal@123"},"details":[{"context":{"key":"password","label":"password","regex":{},"value":"sajal@123"},"message":"\"password\" with value \"sajal@123\" fails to match the required pattern: /^(?=.*[a-z])(?=.*[A-Z])(?=.*\\d)(?=.*[@$!%*?&])[A-Za-z\\d@$!%*?&]+$/","path":["password"],"type":"string.pattern.base"}]},"level":"error","message":"NORMAL_SIGNUP","service":"user-service","value":{"confirmPassword":"Sajal@123","password":"sajal@123"}}
{"email":"sajal.jain@labourhomeindia.com","level":"info","message":"TOKEN_VERIFY","service":"user-service"}
{"level":"info","message":"NORMAL_SIGNUP","service":"user-service"}
{"db":null,"level":"info","message":"NORMAL_SIGNUP","service":"user-service"}
{"level":"info","message":"NORMAL_SIGNUP User is not invited or not a member of system","service":"user-service"}
{"level":"info","message":"Database Connected","service":"user-service"}
{"level":"info","message":"Database Connected","service":"user-service"}
{"email":"sajal.jain@labourhomeindia.com","level":"info","message":"TOKEN_VERIFY","service":"user-service"}
{"level":"info","message":"NORMAL_SIGNUP","service":"user-service"}
{"db":{"_id":"6645fe96a6fe4e0e4d21a094","iStatus":1},"level":"info","message":"NORMAL_SIGNUP","service":"user-service"}
{"level":"info","message":"NORMAL_SIGNUP User already a member","service":"user-service"}
{"level":"info","message":"Database Connected","service":"user-service"}
{"email":"sajal.jain@labourhomeindia.com","level":"info","message":"TOKEN_VERIFY","service":"user-service"}
{"level":"info","message":"NORMAL_SIGNUP","service":"user-service"}
{"db":{"_id":"6645fe96a6fe4e0e4d21a094","iStatus":0},"level":"info","message":"NORMAL_SIGNUP","service":"user-service"}
{"level":"error","message":"NORMAL_SIGNUP Update document requires atomic operators","service":"user-service","stack":"MongoInvalidArgumentError: Update document requires atomic operators\n    at new FindOneAndUpdateOperation (D:\\lhforceUserAuth\\node_modules\\mongodb\\lib\\operations\\find_and_modify.js:136:19)\n    at Collection.findOneAndUpdate (D:\\lhforceUserAuth\\node_modules\\mongodb\\lib\\collection.js:480:77)\n    at normalSignupController (D:\\lhforceUserAuth\\dist\\controllers\\user.js:143:83)\n    at process.processTicksAndRejections (node:internal/process/task_queues:95:5)"}
{"level":"info","message":"Database Connected","service":"user-service"}
{"level":"info","message":"Database Connected","service":"user-service"}
{"email":"sajal.jain@labourhomeindia.com","level":"info","message":"TOKEN_VERIFY","service":"user-service"}
{"level":"info","message":"NORMAL_SIGNUP","service":"user-service"}
{"db":{"_id":"6645fe96a6fe4e0e4d21a094","iStatus":0},"level":"info","message":"NORMAL_SIGNUP","service":"user-service"}
{"level":"info","message":"NORMAL_SIGNUP User successfully signed up","service":"user-service"}
{"level":"info","message":"Database Connected","service":"user-service"}
